<?xml version="1.0" encoding="UTF-8"?>
<testsuite xmlns:xsi="http://www.w3.org/2001/XMLSchema-instance" xsi:noNamespaceSchemaLocation="https://maven.apache.org/surefire/maven-surefire-plugin/xsd/surefire-test-report.xsd" version="3.0.1" name="org.dynamisai.demo.DemoWorldTest" time="0.082" tests="10" errors="0" skipped="0" failures="0">
  <properties>
[...]
</properties>
  <testcase name="crowdGroupHasTwoGuards" classname="org.dynamisai.demo.DemoWorldTest" time="0.046">
    <system-out><![CDATA[09:14:03.829 [main] INFO org.dynamisai.navigation.DefaultNavigationSystem -- NavigationSystem ready — 256 polys, 16 clusters
09:14:03.834 [main] DEBUG org.dynamisai.crowd.DefaultCrowdSystem -- CrowdGroup Group[1] created (LINE)
09:14:03.837 [main] INFO org.dynamisai.demo.DemoWorld -- DemoWorld initialized - 3 entities, NavMesh 16x16, 16 clusters
09:14:03.843 [main] DEBUG org.dynamisai.perception.DefaultPerceptionSystem -- Perception tick for EntityId[value=1] — 2 percepts, threat=NONE
]]></system-out>
  </testcase>
  <testcase name="reportAccumulatesTickRecords" classname="org.dynamisai.demo.DemoWorldTest" time="0.009">
    <system-out><![CDATA[09:14:03.852 [main] INFO org.dynamisai.navigation.DefaultNavigationSystem -- NavigationSystem ready — 256 polys, 16 clusters
09:14:03.852 [main] DEBUG org.dynamisai.crowd.DefaultCrowdSystem -- CrowdGroup Group[2] created (LINE)
09:14:03.852 [main] INFO org.dynamisai.demo.DemoWorld -- DemoWorld initialized - 3 entities, NavMesh 16x16, 16 clusters
09:14:03.852 [main] DEBUG org.dynamisai.perception.DefaultPerceptionSystem -- Perception tick for EntityId[value=1] — 2 percepts, threat=NONE
09:14:03.852 [main] DEBUG org.dynamisai.perception.DefaultPerceptionSystem -- Perception tick for EntityId[value=1] — 2 percepts, threat=NONE
09:14:03.853 [main] DEBUG org.dynamisai.perception.DefaultPerceptionSystem -- Perception tick for EntityId[value=1] — 2 percepts, threat=NONE
]]></system-out>
  </testcase>
  <testcase name="tickReturnsNonNullRecord" classname="org.dynamisai.demo.DemoWorldTest" time="0.002">
    <system-out><![CDATA[09:14:03.861 [main] INFO org.dynamisai.navigation.DefaultNavigationSystem -- NavigationSystem ready — 256 polys, 16 clusters
09:14:03.861 [main] DEBUG org.dynamisai.crowd.DefaultCrowdSystem -- CrowdGroup Group[3] created (LINE)
09:14:03.861 [main] INFO org.dynamisai.demo.DemoWorld -- DemoWorld initialized - 3 entities, NavMesh 16x16, 16 clusters
09:14:03.861 [main] DEBUG org.dynamisai.perception.DefaultPerceptionSystem -- Perception tick for EntityId[value=1] — 2 percepts, threat=NONE
]]></system-out>
  </testcase>
  <testcase name="threeHostileActsProduceBetrayedTag" classname="org.dynamisai.demo.DemoWorldTest" time="0.005">
    <system-out><![CDATA[09:14:03.863 [main] INFO org.dynamisai.navigation.DefaultNavigationSystem -- NavigationSystem ready — 256 polys, 16 clusters
09:14:03.863 [main] DEBUG org.dynamisai.crowd.DefaultCrowdSystem -- CrowdGroup Group[4] created (LINE)
09:14:03.863 [main] INFO org.dynamisai.demo.DemoWorld -- DemoWorld initialized - 3 entities, NavMesh 16x16, 16 clusters
09:14:03.864 [main] DEBUG org.dynamisai.perception.DefaultPerceptionSystem -- Perception tick for EntityId[value=1] — 2 percepts, threat=HIGH
09:14:03.866 [main] DEBUG org.dynamisai.perception.DefaultPerceptionSystem -- Perception tick for EntityId[value=1] — 2 percepts, threat=HIGH
09:14:03.867 [main] DEBUG org.dynamisai.perception.DefaultPerceptionSystem -- Perception tick for EntityId[value=1] — 2 percepts, threat=HIGH
09:14:03.867 [nav-0] DEBUG org.dynamisai.navigation.DefaultNavigationSystem -- Path found for EntityId[value=1] — 2 waypoints, cost=8.485281
09:14:03.867 [nav-1] DEBUG org.dynamisai.navigation.DefaultNavigationSystem -- Path found for EntityId[value=1] — 4 waypoints, cost=10.414308
09:14:03.867 [nav-2] DEBUG org.dynamisai.navigation.DefaultNavigationSystem -- Path found for EntityId[value=1] — 4 waypoints, cost=10.346229
]]></system-out>
  </testcase>
  <testcase name="waitDoesNotMovePlayer" classname="org.dynamisai.demo.DemoWorldTest" time="0.001">
    <system-out><![CDATA[09:14:03.868 [main] INFO org.dynamisai.navigation.DefaultNavigationSystem -- NavigationSystem ready — 256 polys, 16 clusters
09:14:03.868 [main] DEBUG org.dynamisai.crowd.DefaultCrowdSystem -- CrowdGroup Group[5] created (LINE)
09:14:03.869 [main] INFO org.dynamisai.demo.DemoWorld -- DemoWorld initialized - 3 entities, NavMesh 16x16, 16 clusters
09:14:03.869 [main] DEBUG org.dynamisai.perception.DefaultPerceptionSystem -- Perception tick for EntityId[value=1] — 2 percepts, threat=NONE
]]></system-out>
  </testcase>
  <testcase name="approachMovesPlayerCloser" classname="org.dynamisai.demo.DemoWorldTest" time="0.001">
    <system-out><![CDATA[09:14:03.870 [main] INFO org.dynamisai.navigation.DefaultNavigationSystem -- NavigationSystem ready — 256 polys, 16 clusters
09:14:03.870 [main] DEBUG org.dynamisai.crowd.DefaultCrowdSystem -- CrowdGroup Group[6] created (LINE)
09:14:03.870 [main] INFO org.dynamisai.demo.DemoWorld -- DemoWorld initialized - 3 entities, NavMesh 16x16, 16 clusters
09:14:03.871 [main] DEBUG org.dynamisai.perception.DefaultPerceptionSystem -- Perception tick for EntityId[value=1] — 2 percepts, threat=NONE
]]></system-out>
  </testcase>
  <testcase name="speechInputFlowsToDialogueRequest" classname="org.dynamisai.demo.DemoWorldTest" time="0.003">
    <system-out><![CDATA[09:14:03.872 [main] INFO org.dynamisai.navigation.DefaultNavigationSystem -- NavigationSystem ready — 256 polys, 16 clusters
09:14:03.872 [main] DEBUG org.dynamisai.crowd.DefaultCrowdSystem -- CrowdGroup Group[7] created (LINE)
09:14:03.872 [main] INFO org.dynamisai.demo.DemoWorld -- DemoWorld initialized - 3 entities, NavMesh 16x16, 16 clusters
09:14:03.872 [main] DEBUG org.dynamisai.perception.DefaultPerceptionSystem -- Perception tick for EntityId[value=1] — 2 percepts, threat=NONE
09:14:03.872 [main] DEBUG org.dynamisai.perception.DefaultPerceptionSystem -- Perception tick for EntityId[value=1] — 2 percepts, threat=NONE
09:14:03.873 [main] DEBUG org.dynamisai.perception.DefaultPerceptionSystem -- Perception tick for EntityId[value=1] — 2 percepts, threat=NONE
09:14:03.873 [main] DEBUG org.dynamisai.perception.DefaultPerceptionSystem -- Perception tick for EntityId[value=1] — 2 percepts, threat=NONE
09:14:03.873 [main] DEBUG org.dynamisai.perception.DefaultPerceptionSystem -- Perception tick for EntityId[value=1] — 2 percepts, threat=NONE
09:14:03.873 [main] DEBUG org.dynamisai.perception.DefaultPerceptionSystem -- Perception tick for EntityId[value=1] — 2 percepts, threat=NONE
09:14:03.874 [main] DEBUG org.dynamisai.perception.DefaultPerceptionSystem -- Perception tick for EntityId[value=1] — 2 percepts, threat=NONE
09:14:03.874 [main] DEBUG org.dynamisai.perception.DefaultPerceptionSystem -- Perception tick for EntityId[value=1] — 2 percepts, threat=NONE
]]></system-out>
  </testcase>
  <testcase name="worldInitialisesWithThreeNpcs" classname="org.dynamisai.demo.DemoWorldTest" time="0.001">
    <system-out><![CDATA[09:14:03.875 [main] INFO org.dynamisai.navigation.DefaultNavigationSystem -- NavigationSystem ready — 256 polys, 16 clusters
09:14:03.875 [main] DEBUG org.dynamisai.crowd.DefaultCrowdSystem -- CrowdGroup Group[8] created (LINE)
09:14:03.875 [main] INFO org.dynamisai.demo.DemoWorld -- DemoWorld initialized - 3 entities, NavMesh 16x16, 16 clusters
]]></system-out>
  </testcase>
  <testcase name="fleeMovesPlayerAway" classname="org.dynamisai.demo.DemoWorldTest" time="0.003">
    <system-out><![CDATA[09:14:03.876 [main] INFO org.dynamisai.navigation.DefaultNavigationSystem -- NavigationSystem ready — 256 polys, 16 clusters
09:14:03.877 [main] DEBUG org.dynamisai.crowd.DefaultCrowdSystem -- CrowdGroup Group[9] created (LINE)
09:14:03.877 [main] INFO org.dynamisai.demo.DemoWorld -- DemoWorld initialized - 3 entities, NavMesh 16x16, 16 clusters
09:14:03.877 [main] DEBUG org.dynamisai.perception.DefaultPerceptionSystem -- Perception tick for EntityId[value=1] — 2 percepts, threat=NONE
09:14:03.877 [main] DEBUG org.dynamisai.perception.DefaultPerceptionSystem -- Perception tick for EntityId[value=1] — 2 percepts, threat=NONE
09:14:03.877 [main] DEBUG org.dynamisai.perception.DefaultPerceptionSystem -- Perception tick for EntityId[value=1] — 2 percepts, threat=NONE
09:14:03.878 [main] DEBUG org.dynamisai.perception.DefaultPerceptionSystem -- Perception tick for EntityId[value=1] — 2 percepts, threat=NONE
09:14:03.878 [main] DEBUG org.dynamisai.perception.DefaultPerceptionSystem -- Perception tick for EntityId[value=1] — 2 percepts, threat=NONE
09:14:03.878 [main] DEBUG org.dynamisai.perception.DefaultPerceptionSystem -- Perception tick for EntityId[value=1] — 2 percepts, threat=NONE
]]></system-out>
  </testcase>
  <testcase name="hostileActTagsEnemyRelationship" classname="org.dynamisai.demo.DemoWorldTest" time="0.001">
    <system-out><![CDATA[09:14:03.879 [main] INFO org.dynamisai.navigation.DefaultNavigationSystem -- NavigationSystem ready — 256 polys, 16 clusters
09:14:03.879 [main] DEBUG org.dynamisai.crowd.DefaultCrowdSystem -- CrowdGroup Group[10] created (LINE)
09:14:03.880 [main] INFO org.dynamisai.demo.DemoWorld -- DemoWorld initialized - 3 entities, NavMesh 16x16, 16 clusters
09:14:03.880 [main] DEBUG org.dynamisai.perception.DefaultPerceptionSystem -- Perception tick for EntityId[value=1] — 2 percepts, threat=HIGH
09:14:03.880 [nav-0] DEBUG org.dynamisai.navigation.DefaultNavigationSystem -- Path found for EntityId[value=1] — 2 waypoints, cost=8.485281
]]></system-out>
  </testcase>
</testsuite>